[2025-09-10T03:25:40.500Z] [INFO] QR Code generated, silakan scan di WhatsApp.
[2025-09-10T03:26:25.839Z] [INFO] WhatsApp bot siap!
[2025-09-10T03:26:39.833Z] [INCOMING] 6282236126348@c.us: halo mau konsultasi
[2025-09-10T03:27:27.008Z] [INCOMING] 6282236126348@c.us: bye
[2025-09-10T03:27:27.008Z] [OUTGOING] 6281229809124@c.us: Sampai jumpa! Semoga sukses ya! 🙌
[2025-09-10T03:27:35.747Z] [INCOMING] 6282236126348@c.us: halo
[2025-09-10T03:27:45.186Z] [INCOMING] 6282135583769@c.us: p
[2025-09-10T03:27:45.202Z] [OUTGOING] 6281229809124@c.us: Bisa ceritakan lebih lanjut?
[2025-09-10T03:28:08.104Z] [INCOMING] 6282236126348@c.us: selamat pagi
[2025-09-10T03:28:20.415Z] [INCOMING] 6282236126348@c.us: bye
[2025-09-10T03:28:20.415Z] [OUTGOING] 6281229809124@c.us: Sampai jumpa! Semoga sukses ya! 🙌
[2025-09-10T03:28:39.099Z] [INCOMING] 6282236126348@c.us: dadah
[2025-09-10T03:28:39.100Z] [OUTGOING] 6281229809124@c.us: Sampai jumpa! Semoga sukses ya! 🙌
[2025-09-10T03:28:43.817Z] [INCOMING] 6282236126348@c.us: sampai jumpa
[2025-09-10T03:28:43.817Z] [OUTGOING] 6281229809124@c.us: Sampai jumpa! Semoga sukses ya! 🙌
[2025-09-10T03:29:12.203Z] [INCOMING] 6282135583769@c.us: halo
[2025-09-10T03:29:20.419Z] [INCOMING] 6282135583769@c.us: bye
[2025-09-10T03:29:20.419Z] [OUTGOING] 6281229809124@c.us: Sampai jumpa! Semoga sukses ya! 🙌
[2025-09-10T03:29:32.793Z] [INCOMING] 6282135583769@c.us: selamat pagi
[2025-09-10T03:32:22.457Z] [INFO] QR Code generated, silakan scan di WhatsApp.
[2025-09-10T03:32:45.202Z] [INFO] WhatsApp bot siap!
[2025-09-10T03:32:54.744Z] [INCOMING] 6282236126348@c.us: halo
[2025-09-10T03:33:04.408Z] [INCOMING] 6282236126348@c.us: bye
[2025-09-10T03:33:04.409Z] [OUTGOING] 6281229809124@c.us: Sampai jumpa! Semoga sukses ya! 🙌
[2025-09-10T03:33:57.581Z] [INFO] QR Code generated, silakan scan di WhatsApp.
[2025-09-10T03:34:15.769Z] [INFO] WhatsApp bot siap!
[2025-09-10T03:34:19.244Z] [INCOMING] 6282236126348@c.us: halo
[2025-09-10T03:34:19.245Z] [OUTGOING] 6281229809124@c.us: undefined
[2025-09-10T03:36:58.031Z] [INFO] QR Code generated, silakan scan di WhatsApp.
[2025-09-10T03:37:09.940Z] [INFO] WhatsApp bot siap!
[2025-09-10T03:37:18.739Z] [INCOMING] 6282236126348@c.us: halo
[2025-09-10T03:37:18.740Z] [OUTGOING] 6281229809124@c.us: Halo 👋, saya **MarBot** (Mahasiswa Rekomendasi Bot). Saya bisa bantu kamu menemukan program studi & universitas yang sesuai minat, nilai, dan lokasi kuliahmu. 🚀

Boleh ceritakan dulu minat kamu apa?
[2025-09-10T03:38:32.544Z] [INCOMING] 6282236126348@c.us: saya suka membaca nih
[2025-09-10T03:38:43.394Z] [INCOMING] 6282236126348@c.us: bye
[2025-09-10T03:38:43.395Z] [OUTGOING] 6281229809124@c.us: Sampai jumpa! Semoga sukses ya! 🙌
[2025-09-10T03:38:48.723Z] [INCOMING] 6282236126348@c.us: saya suka membaca nih
[2025-09-10T03:40:33.182Z] [INFO] QR Code generated, silakan scan di WhatsApp.
[2025-09-10T03:40:45.463Z] [INFO] WhatsApp bot siap!
[2025-09-10T03:42:05.864Z] [INCOMING] 6282236126348@c.us: halo
[2025-09-10T03:42:05.865Z] [OUTGOING] 6281229809124@c.us: Halo 👋, saya *MarBot* (Major Recommendation Bot). Saya bisa bantu kamu menemukan program studi & universitas yang sesuai minat, nilai, dan lokasi kuliahmu. 🚀

Boleh ceritakan dulu minat kamu apa?
[2025-09-10T03:42:16.287Z] [INCOMING] 6282236126348@c.us: saya suka membaca nih
[2025-09-10T03:42:22.837Z] [INCOMING] 6282236126348@c.us: membaca
[2025-09-10T03:42:22.837Z] [OUTGOING] 6281229809124@c.us: Bisa ceritakan lebih lanjut?
[2025-09-10T03:42:26.827Z] [INCOMING] 6282236126348@c.us: jdjdkd
[2025-09-10T03:42:26.827Z] [OUTGOING] 6281229809124@c.us: Bisa ceritakan lebih lanjut?
[2025-09-10T03:42:46.946Z] [INCOMING] 6282236126348@c.us: saya minat membaca
[2025-09-10T03:43:25.210Z] [INCOMING] 6282236126348@c.us: minat membaca
[2025-09-10T03:43:34.785Z] [INCOMING] 6282236126348@c.us: suka membaca
[2025-09-10T03:45:06.905Z] [INFO] QR Code generated, silakan scan di WhatsApp.
[2025-09-10T03:45:22.917Z] [INFO] WhatsApp bot siap!
[2025-09-10T03:45:28.964Z] [INCOMING] 6282236126348@c.us: halo
[2025-09-10T03:45:28.964Z] [OUTGOING] 6281229809124@c.us: Halo 👋, saya *MarBot* (Major Recommendation Bot). Saya bisa bantu kamu menemukan program studi & universitas yang sesuai minat, nilai, dan lokasi kuliahmu. 🚀

Boleh ceritakan dulu minat kamu apa?
[2025-09-10T03:45:36.725Z] [INCOMING] 6282236126348@c.us: saya suka membaca
[2025-09-10T10:02:46.720Z] [INFO] QR Code generated, silakan scan di WhatsApp.
[2025-09-10T10:03:16.256Z] [INFO] WhatsApp bot siap!
[2025-09-10T10:03:26.636Z] [INCOMING] 6282135583769@c.us: halo
[2025-09-10T10:03:51.824Z] [INCOMING] 6282135583769@c.us: bye
